The system is: Windows - 10.0.22621 - AMD64
Compiling the CXX compiler identification source file "CMakeCXXCompilerId.cpp" succeeded.
Compiler: C:/Program Files/Microsoft Visual Studio/2022/Community/VC/Tools/MSVC/14.33.31629/bin/Hostx64/x64/cl.exe 
Build flags: 
Id flags:  

The output was:
0
Microsoft (R) C/C++ Optimizing Compiler Versão 19.33.31630 para x64
Copyright (C) Microsoft Corporation. Todos os direitos reservados.

CMakeCXXCompilerId.cpp
Microsoft (R) Incremental Linker Version 14.33.31630.0
Copyright (C) Microsoft Corporation.  All rights reserved.

/out:CMakeCXXCompilerId.exe 
CMakeCXXCompilerId.obj 


Compilation of the CXX compiler identification source "CMakeCXXCompilerId.cpp" produced "CMakeCXXCompilerId.exe"

Compilation of the CXX compiler identification source "CMakeCXXCompilerId.cpp" produced "CMakeCXXCompilerId.obj"

The CXX compiler identification is MSVC, found in "C:/Users/Estagiario-03/Desktop/Duarte/Calango-Engine/src/build/CMakeFiles/3.25.0/CompilerIdCXX/CMakeCXXCompilerId.exe"

Detecting CXX compiler ABI info compiled with the following output:
Change Dir: C:/Users/Estagiario-03/Desktop/Duarte/Calango-Engine/src/build/CMakeFiles/CMakeScratch/TryCompile-hp4ajd

Run Build Command(s):nmake -f Makefile /nologo cmTC_ea722\fast && 	"C:\Program Files\Microsoft Visual Studio\2022\Community\VC\Tools\MSVC\14.33.31629\bin\HostX64\x64\nmake.exe"  -f CMakeFiles\cmTC_ea722.dir\build.make /nologo -L                  CMakeFiles\cmTC_ea722.dir\build
Building CXX object CMakeFiles/cmTC_ea722.dir/CMakeCXXCompilerABI.cpp.obj
	"C:\Program Files\CMake\bin\cmake.exe" -E cmake_cl_compile_depends --dep-file=CMakeFiles\cmTC_ea722.dir\CMakeCXXCompilerABI.cpp.obj.d --working-dir=C:\Users\Estagiario-03\Desktop\Duarte\Calango-Engine\src\build\CMakeFiles\CMakeScratch\TryCompile-hp4ajd --filter-prefix="ObservaþÒo: incluindo arquivo: " -- C:\PROGRA~1\MICROS~4\2022\COMMUN~1\VC\Tools\MSVC\1433~1.316\bin\Hostx64\x64\cl.exe @C:\Users\ESTAGI~1\AppData\Local\Temp\nm1AB8.tmp
CMakeCXXCompilerABI.cpp
Linking CXX executable cmTC_ea722.exe
	"C:\Program Files\CMake\bin\cmake.exe" -E vs_link_exe --intdir=CMakeFiles\cmTC_ea722.dir --rc=C:\PROGRA~2\WI3CF2~1\10\bin\100190~1.0\x64\rc.exe --mt=C:\PROGRA~2\WI3CF2~1\10\bin\100190~1.0\x64\mt.exe --manifests -- C:\PROGRA~1\MICROS~4\2022\COMMUN~1\VC\Tools\MSVC\1433~1.316\bin\Hostx64\x64\link.exe /nologo @CMakeFiles\cmTC_ea722.dir\objects1 @C:\Users\ESTAGI~1\AppData\Local\Temp\nm1B36.tmp



